<?xml version="1.0" encoding="UTF-8"?>
<coverage generated="1783652739783" clover="3.2.0">
  <project timestamp="1783652739784" name="All files">
    <metrics statements="37" coveredstatements="37" conditionals="29" coveredconditionals="29" methods="6" coveredmethods="6" elements="72" coveredelements="72" complexity="0" loc="37" ncloc="37" packages="1" files="2" classes="2"/>
    <file name="logic.ts" path="/home/user/nuxt-notify/workers/schedule-alarm/src/logic.ts">
      <metrics statements="25" coveredstatements="25" conditionals="19" coveredconditionals="19" methods="5" coveredmethods="5"/>
      <line num="4" count="1" type="cond" truecount="1" falsecount="0"/>
      <line num="5" count="11" type="stmt"/>
      <line num="6" count="11" type="stmt"/>
      <line num="13" count="1" type="cond" truecount="1" falsecount="0"/>
      <line num="14" count="7" type="cond" truecount="3" falsecount="0"/>
      <line num="15" count="4" type="stmt"/>
      <line num="16" count="7" type="cond" truecount="2" falsecount="0"/>
      <line num="17" count="7" type="stmt"/>
      <line num="19" count="1" type="cond" truecount="1" falsecount="0"/>
      <line num="20" count="11" type="cond" truecount="3" falsecount="0"/>
      <line num="21" count="7" type="stmt"/>
      <line num="22" count="11" type="cond" truecount="2" falsecount="0"/>
      <line num="23" count="7" type="stmt"/>
      <line num="24" count="7" type="stmt"/>
      <line num="27" count="1" type="stmt"/>
      <line num="33" count="1" type="cond" truecount="1" falsecount="0"/>
      <line num="34" count="11" type="stmt"/>
      <line num="35" count="11" type="stmt"/>
      <line num="36" count="11" type="stmt"/>
      <line num="37" count="11" type="stmt"/>
      <line num="45" count="1" type="cond" truecount="1" falsecount="0"/>
      <line num="46" count="15" type="cond" truecount="2" falsecount="0"/>
      <line num="47" count="15" type="cond" truecount="2" falsecount="0"/>
      <line num="48" count="10" type="stmt"/>
      <line num="49" count="10" type="stmt"/>
    </file>
    <file name="secret.ts" path="/home/user/nuxt-notify/workers/schedule-alarm/src/secret.ts">
      <metrics statements="12" coveredstatements="12" conditionals="10" coveredconditionals="10" methods="1" coveredmethods="1"/>
      <line num="12" count="23" type="cond" truecount="1" falsecount="0"/>
      <line num="13" count="23" type="stmt"/>
      <line num="14" count="23" type="stmt"/>
      <line num="15" count="23" type="cond" truecount="3" falsecount="0"/>
      <line num="16" count="22" type="cond" truecount="3" falsecount="0"/>
      <line num="17" count="3" type="stmt"/>
      <line num="18" count="3" type="cond" truecount="1" falsecount="0"/>
      <line num="19" count="6" type="cond" truecount="1" falsecount="0"/>
      <line num="20" count="23" type="cond" truecount="1" falsecount="0"/>
      <line num="21" count="1" type="stmt"/>
      <line num="22" count="1" type="stmt"/>
      <line num="23" count="23" type="stmt"/>
    </file>
  </project>
</coverage>
