{"/home/user/nuxt-notify/workers/schedule-alarm/src/logic.ts": {"path":"/home/user/nuxt-notify/workers/schedule-alarm/src/logic.ts","all":false,"statementMap":{"3":{"start":{"line":4,"column":0},"end":{"line":4,"column":49}},"4":{"start":{"line":5,"column":0},"end":{"line":5,"column":83}},"5":{"start":{"line":6,"column":0},"end":{"line":6,"column":1}},"12":{"start":{"line":13,"column":0},"end":{"line":13,"column":56}},"13":{"start":{"line":14,"column":0},"end":{"line":14,"column":47}},"14":{"start":{"line":15,"column":0},"end":{"line":15,"column":26}},"15":{"start":{"line":16,"column":0},"end":{"line":16,"column":36}},"16":{"start":{"line":17,"column":0},"end":{"line":17,"column":1}},"18":{"start":{"line":19,"column":0},"end":{"line":19,"column":69}},"19":{"start":{"line":20,"column":0},"end":{"line":20,"column":42}},"20":{"start":{"line":21,"column":0},"end":{"line":21,"column":15}},"21":{"start":{"line":22,"column":0},"end":{"line":22,"column":79}},"22":{"start":{"line":23,"column":0},"end":{"line":23,"column":20}},"23":{"start":{"line":24,"column":0},"end":{"line":24,"column":1}},"26":{"start":{"line":27,"column":0},"end":{"line":27,"column":30}},"32":{"start":{"line":33,"column":0},"end":{"line":33,"column":53}},"33":{"start":{"line":34,"column":0},"end":{"line":34,"column":65}},"34":{"start":{"line":35,"column":0},"end":{"line":35,"column":62}},"35":{"start":{"line":36,"column":0},"end":{"line":36,"column":19}},"36":{"start":{"line":37,"column":0},"end":{"line":37,"column":1}},"44":{"start":{"line":45,"column":0},"end":{"line":45,"column":70}},"45":{"start":{"line":46,"column":0},"end":{"line":46,"column":51}},"46":{"start":{"line":47,"column":0},"end":{"line":47,"column":36}},"47":{"start":{"line":48,"column":0},"end":{"line":48,"column":17}},"48":{"start":{"line":49,"column":0},"end":{"line":49,"column":1}}},"s":{"3":1,"4":11,"5":11,"12":1,"13":7,"14":4,"15":7,"16":7,"18":1,"19":11,"20":7,"21":11,"22":7,"23":7,"26":1,"32":1,"33":11,"34":11,"35":11,"36":11,"44":1,"45":15,"46":15,"47":10,"48":10},"branchMap":{"0":{"type":"branch","line":4,"loc":{"start":{"line":4,"column":7},"end":{"line":6,"column":1}},"locations":[{"start":{"line":4,"column":7},"end":{"line":6,"column":1}}]},"1":{"type":"branch","line":13,"loc":{"start":{"line":13,"column":7},"end":{"line":17,"column":1}},"locations":[{"start":{"line":13,"column":7},"end":{"line":17,"column":1}}]},"2":{"type":"branch","line":14,"loc":{"start":{"line":14,"column":19},"end":{"line":14,"column":35}},"locations":[{"start":{"line":14,"column":19},"end":{"line":14,"column":35}}]},"3":{"type":"branch","line":14,"loc":{"start":{"line":14,"column":35},"end":{"line":14,"column":47}},"locations":[{"start":{"line":14,"column":35},"end":{"line":14,"column":47}}]},"4":{"type":"branch","line":14,"loc":{"start":{"line":14,"column":42},"end":{"line":16,"column":27}},"locations":[{"start":{"line":14,"column":42},"end":{"line":16,"column":27}}]},"5":{"type":"branch","line":16,"loc":{"start":{"line":16,"column":23},"end":{"line":16,"column":34}},"locations":[{"start":{"line":16,"column":23},"end":{"line":16,"column":34}}]},"6":{"type":"branch","line":16,"loc":{"start":{"line":16,"column":27},"end":{"line":16,"column":36}},"locations":[{"start":{"line":16,"column":27},"end":{"line":16,"column":36}}]},"7":{"type":"branch","line":19,"loc":{"start":{"line":19,"column":7},"end":{"line":24,"column":1}},"locations":[{"start":{"line":19,"column":7},"end":{"line":24,"column":1}}]},"8":{"type":"branch","line":20,"loc":{"start":{"line":20,"column":29},"end":{"line":22,"column":45}},"locations":[{"start":{"line":20,"column":29},"end":{"line":22,"column":45}}]},"9":{"type":"branch","line":20,"loc":{"start":{"line":20,"column":29},"end":{"line":20,"column":42}},"locations":[{"start":{"line":20,"column":29},"end":{"line":20,"column":42}}]},"10":{"type":"branch","line":20,"loc":{"start":{"line":20,"column":36},"end":{"line":22,"column":45}},"locations":[{"start":{"line":20,"column":36},"end":{"line":22,"column":45}}]},"11":{"type":"branch","line":22,"loc":{"start":{"line":22,"column":37},"end":{"line":22,"column":79}},"locations":[{"start":{"line":22,"column":37},"end":{"line":22,"column":79}}]},"12":{"type":"branch","line":22,"loc":{"start":{"line":22,"column":77},"end":{"line":24,"column":1}},"locations":[{"start":{"line":22,"column":77},"end":{"line":24,"column":1}}]},"13":{"type":"branch","line":33,"loc":{"start":{"line":33,"column":7},"end":{"line":37,"column":1}},"locations":[{"start":{"line":33,"column":7},"end":{"line":37,"column":1}}]},"14":{"type":"branch","line":45,"loc":{"start":{"line":45,"column":7},"end":{"line":49,"column":1}},"locations":[{"start":{"line":45,"column":7},"end":{"line":49,"column":1}}]},"15":{"type":"branch","line":46,"loc":{"start":{"line":46,"column":37},"end":{"line":46,"column":51}},"locations":[{"start":{"line":46,"column":37},"end":{"line":46,"column":51}}]},"16":{"type":"branch","line":46,"loc":{"start":{"line":46,"column":44},"end":{"line":47,"column":29}},"locations":[{"start":{"line":46,"column":44},"end":{"line":47,"column":29}}]},"17":{"type":"branch","line":47,"loc":{"start":{"line":47,"column":22},"end":{"line":47,"column":36}},"locations":[{"start":{"line":47,"column":22},"end":{"line":47,"column":36}}]},"18":{"type":"branch","line":47,"loc":{"start":{"line":47,"column":29},"end":{"line":49,"column":1}},"locations":[{"start":{"line":47,"column":29},"end":{"line":49,"column":1}}]}},"b":{"0":[11],"1":[7],"2":[5],"3":[3],"4":[4],"5":[2],"6":[2],"7":[11],"8":[9],"9":[4],"10":[7],"11":[61],"12":[7],"13":[11],"14":[15],"15":[3],"16":[12],"17":[2],"18":[10]},"fnMap":{"0":{"name":"isValidUuid","decl":{"start":{"line":4,"column":7},"end":{"line":6,"column":1}},"loc":{"start":{"line":4,"column":7},"end":{"line":6,"column":1}},"line":4},"1":{"name":"parseFireAt","decl":{"start":{"line":13,"column":7},"end":{"line":17,"column":1}},"loc":{"start":{"line":13,"column":7},"end":{"line":17,"column":1}},"line":13},"2":{"name":"constantTimeEqualStr","decl":{"start":{"line":19,"column":7},"end":{"line":24,"column":1}},"loc":{"start":{"line":19,"column":7},"end":{"line":24,"column":1}},"line":19},"3":{"name":"backoffMs","decl":{"start":{"line":33,"column":7},"end":{"line":37,"column":1}},"loc":{"start":{"line":33,"column":7},"end":{"line":37,"column":1}},"line":33},"4":{"name":"classifyFireStatus","decl":{"start":{"line":45,"column":7},"end":{"line":49,"column":1}},"loc":{"start":{"line":45,"column":7},"end":{"line":49,"column":1}},"line":45}},"f":{"0":11,"1":7,"2":11,"3":11,"4":15}}
,"/home/user/nuxt-notify/workers/schedule-alarm/src/secret.ts": {"path":"/home/user/nuxt-notify/workers/schedule-alarm/src/secret.ts","all":false,"statementMap":{"11":{"start":{"line":12,"column":0},"end":{"line":12,"column":36}},"12":{"start":{"line":13,"column":0},"end":{"line":13,"column":25}},"13":{"start":{"line":14,"column":0},"end":{"line":14,"column":27}},"14":{"start":{"line":15,"column":0},"end":{"line":15,"column":28}},"15":{"start":{"line":16,"column":0},"end":{"line":16,"column":50}},"16":{"start":{"line":17,"column":0},"end":{"line":17,"column":7}},"17":{"start":{"line":18,"column":0},"end":{"line":18,"column":38}},"18":{"start":{"line":19,"column":0},"end":{"line":19,"column":25}},"19":{"start":{"line":20,"column":0},"end":{"line":20,"column":11}},"20":{"start":{"line":21,"column":0},"end":{"line":21,"column":16}},"21":{"start":{"line":22,"column":0},"end":{"line":22,"column":3}},"22":{"start":{"line":23,"column":0},"end":{"line":23,"column":1}}},"s":{"11":23,"12":23,"13":23,"14":23,"15":22,"16":3,"17":3,"18":6,"19":23,"20":1,"21":1,"22":23},"branchMap":{"0":{"type":"branch","line":12,"loc":{"start":{"line":12,"column":0},"end":{"line":23,"column":1}},"locations":[{"start":{"line":12,"column":0},"end":{"line":23,"column":1}}]},"1":{"type":"branch","line":15,"loc":{"start":{"line":15,"column":16},"end":{"line":15,"column":28}},"locations":[{"start":{"line":15,"column":16},"end":{"line":15,"column":28}}]},"2":{"type":"branch","line":15,"loc":{"start":{"line":15,"column":23},"end":{"line":16,"column":50}},"locations":[{"start":{"line":15,"column":23},"end":{"line":16,"column":50}}]},"3":{"type":"branch","line":15,"loc":{"start":{"line":15,"column":23},"end":{"line":16,"column":42}},"locations":[{"start":{"line":15,"column":23},"end":{"line":16,"column":42}}]},"4":{"type":"branch","line":16,"loc":{"start":{"line":16,"column":35},"end":{"line":16,"column":50}},"locations":[{"start":{"line":16,"column":35},"end":{"line":16,"column":50}}]},"5":{"type":"branch","line":16,"loc":{"start":{"line":16,"column":42},"end":{"line":19,"column":25}},"locations":[{"start":{"line":16,"column":42},"end":{"line":19,"column":25}}]},"6":{"type":"branch","line":16,"loc":{"start":{"line":16,"column":42},"end":{"line":18,"column":38}},"locations":[{"start":{"line":16,"column":42},"end":{"line":18,"column":38}}]},"7":{"type":"branch","line":18,"loc":{"start":{"line":18,"column":36},"end":{"line":19,"column":20}},"locations":[{"start":{"line":18,"column":36},"end":{"line":19,"column":20}}]},"8":{"type":"branch","line":19,"loc":{"start":{"line":19,"column":11},"end":{"line":19,"column":25}},"locations":[{"start":{"line":19,"column":11},"end":{"line":19,"column":25}}]},"9":{"type":"branch","line":20,"loc":{"start":{"line":20,"column":2},"end":{"line":22,"column":3}},"locations":[{"start":{"line":20,"column":2},"end":{"line":22,"column":3}}]}},"b":{"0":[23],"1":[3],"2":[22],"3":[20],"4":[17],"5":[6],"6":[3],"7":[2],"8":[1],"9":[1]},"fnMap":{"0":{"name":"resolveSecret","decl":{"start":{"line":12,"column":0},"end":{"line":23,"column":1}},"loc":{"start":{"line":12,"column":0},"end":{"line":23,"column":1}},"line":12}},"f":{"0":23}}
}
